[Wed Jan 31 12:50:36.584642 2024] [ssl:warn] [pid 28884:tid 432] AH01909: www.example.com:443:0 server certificate does NOT include an ID which matches the server name
[Wed Jan 31 12:50:36.608642 2024] [ssl:warn] [pid 28884:tid 432] AH01909: www.example.com:443:0 server certificate does NOT include an ID which matches the server name
[Wed Jan 31 12:50:36.648641 2024] [mpm_winnt:notice] [pid 28884:tid 432] AH00455: Apache/2.4.54 (Win64) OpenSSL/1.1.1p PHP/8.1.10 configured -- resuming normal operations
[Wed Jan 31 12:50:36.648641 2024] [mpm_winnt:notice] [pid 28884:tid 432] AH00456: Apache Lounge VS16 Server built: Jun 22 2022 09:58:15
[Wed Jan 31 12:50:36.648641 2024] [core:notice] [pid 28884:tid 432] AH00094: Command line: 'c:\\xampp\\apache\\bin\\httpd.exe -d C:/xampp/apache'
[Wed Jan 31 12:50:36.660641 2024] [mpm_winnt:notice] [pid 28884:tid 432] AH00418: Parent: Created child process 24164
[Wed Jan 31 12:50:36.957237 2024] [ssl:warn] [pid 24164:tid 420] AH01909: www.example.com:443:0 server certificate does NOT include an ID which matches the server name
[Wed Jan 31 12:50:36.982487 2024] [ssl:warn] [pid 24164:tid 420] AH01909: www.example.com:443:0 server certificate does NOT include an ID which matches the server name
[Wed Jan 31 12:50:37.017490 2024] [mpm_winnt:notice] [pid 24164:tid 420] AH00354: Child: Starting 150 worker threads.
[Thu Feb 01 11:33:13.933406 2024] [ssl:warn] [pid 34268:tid 372] AH01909: www.example.com:443:0 server certificate does NOT include an ID which matches the server name
[Thu Feb 01 11:33:13.951938 2024] [core:warn] [pid 34268:tid 372] AH00098: pid file C:/xampp/apache/logs/httpd.pid overwritten -- Unclean shutdown of previous Apache run?
[Thu Feb 01 11:33:13.952943 2024] [ssl:warn] [pid 34268:tid 372] AH01909: www.example.com:443:0 server certificate does NOT include an ID which matches the server name
[Thu Feb 01 11:33:14.041888 2024] [mpm_winnt:notice] [pid 34268:tid 372] AH00455: Apache/2.4.54 (Win64) OpenSSL/1.1.1p PHP/8.1.10 configured -- resuming normal operations
[Thu Feb 01 11:33:14.041888 2024] [mpm_winnt:notice] [pid 34268:tid 372] AH00456: Apache Lounge VS16 Server built: Jun 22 2022 09:58:15
[Thu Feb 01 11:33:14.041888 2024] [core:notice] [pid 34268:tid 372] AH00094: Command line: 'c:\\xampp\\apache\\bin\\httpd.exe -d C:/xampp/apache'
[Thu Feb 01 11:33:14.054653 2024] [mpm_winnt:notice] [pid 34268:tid 372] AH00418: Parent: Created child process 33012
[Thu Feb 01 11:33:14.235601 2024] [ssl:warn] [pid 33012:tid 408] AH01909: www.example.com:443:0 server certificate does NOT include an ID which matches the server name
[Thu Feb 01 11:33:14.253593 2024] [ssl:warn] [pid 33012:tid 408] AH01909: www.example.com:443:0 server certificate does NOT include an ID which matches the server name
[Thu Feb 01 11:33:14.274592 2024] [mpm_winnt:notice] [pid 33012:tid 408] AH00354: Child: Starting 150 worker threads.
[Thu Feb 01 15:10:14.498327 2024] [ssl:warn] [pid 7712:tid 392] AH01909: www.example.com:443:0 server certificate does NOT include an ID which matches the server name
[Thu Feb 01 15:10:14.524328 2024] [core:warn] [pid 7712:tid 392] AH00098: pid file C:/xampp/apache/logs/httpd.pid overwritten -- Unclean shutdown of previous Apache run?
[Thu Feb 01 15:10:14.527328 2024] [ssl:warn] [pid 7712:tid 392] AH01909: www.example.com:443:0 server certificate does NOT include an ID which matches the server name
[Thu Feb 01 15:10:14.564378 2024] [mpm_winnt:notice] [pid 7712:tid 392] AH00455: Apache/2.4.54 (Win64) OpenSSL/1.1.1p PHP/8.1.10 configured -- resuming normal operations
[Thu Feb 01 15:10:14.564378 2024] [mpm_winnt:notice] [pid 7712:tid 392] AH00456: Apache Lounge VS16 Server built: Jun 22 2022 09:58:15
[Thu Feb 01 15:10:14.564378 2024] [core:notice] [pid 7712:tid 392] AH00094: Command line: 'c:\\xampp\\apache\\bin\\httpd.exe -d C:/xampp/apache'
[Thu Feb 01 15:10:14.579378 2024] [mpm_winnt:notice] [pid 7712:tid 392] AH00418: Parent: Created child process 24188
[Thu Feb 01 15:10:14.818415 2024] [ssl:warn] [pid 24188:tid 384] AH01909: www.example.com:443:0 server certificate does NOT include an ID which matches the server name
[Thu Feb 01 15:10:14.841420 2024] [ssl:warn] [pid 24188:tid 384] AH01909: www.example.com:443:0 server certificate does NOT include an ID which matches the server name
[Thu Feb 01 15:10:14.870934 2024] [mpm_winnt:notice] [pid 24188:tid 384] AH00354: Child: Starting 150 worker threads.
[Wed Feb 07 09:07:29.591481 2024] [ssl:warn] [pid 19784:tid 372] AH01909: www.example.com:443:0 server certificate does NOT include an ID which matches the server name
[Wed Feb 07 09:07:29.645713 2024] [core:warn] [pid 19784:tid 372] AH00098: pid file C:/xampp/apache/logs/httpd.pid overwritten -- Unclean shutdown of previous Apache run?
[Wed Feb 07 09:07:29.649842 2024] [ssl:warn] [pid 19784:tid 372] AH01909: www.example.com:443:0 server certificate does NOT include an ID which matches the server name
[Wed Feb 07 09:07:29.771135 2024] [mpm_winnt:notice] [pid 19784:tid 372] AH00455: Apache/2.4.54 (Win64) OpenSSL/1.1.1p PHP/8.1.10 configured -- resuming normal operations
[Wed Feb 07 09:07:29.771135 2024] [mpm_winnt:notice] [pid 19784:tid 372] AH00456: Apache Lounge VS16 Server built: Jun 22 2022 09:58:15
[Wed Feb 07 09:07:29.771135 2024] [core:notice] [pid 19784:tid 372] AH00094: Command line: 'c:\\xampp\\apache\\bin\\httpd.exe -d C:/xampp/apache'
[Wed Feb 07 09:07:29.787129 2024] [mpm_winnt:notice] [pid 19784:tid 372] AH00418: Parent: Created child process 71016
[Wed Feb 07 09:07:30.241658 2024] [ssl:warn] [pid 71016:tid 368] AH01909: www.example.com:443:0 server certificate does NOT include an ID which matches the server name
[Wed Feb 07 09:07:30.287503 2024] [ssl:warn] [pid 71016:tid 368] AH01909: www.example.com:443:0 server certificate does NOT include an ID which matches the server name
[Wed Feb 07 09:07:30.346481 2024] [mpm_winnt:notice] [pid 71016:tid 368] AH00354: Child: Starting 150 worker threads.
[Tue Feb 13 12:21:07.898592 2024] [ssl:warn] [pid 1680:tid 396] AH01909: www.example.com:443:0 server certificate does NOT include an ID which matches the server name
[Tue Feb 13 12:21:07.952612 2024] [core:warn] [pid 1680:tid 396] AH00098: pid file C:/xampp/apache/logs/httpd.pid overwritten -- Unclean shutdown of previous Apache run?
[Tue Feb 13 12:21:07.956585 2024] [ssl:warn] [pid 1680:tid 396] AH01909: www.example.com:443:0 server certificate does NOT include an ID which matches the server name
[Tue Feb 13 12:21:10.264298 2024] [mpm_winnt:notice] [pid 1680:tid 396] AH00455: Apache/2.4.54 (Win64) OpenSSL/1.1.1p PHP/8.1.10 configured -- resuming normal operations
[Tue Feb 13 12:21:10.264298 2024] [mpm_winnt:notice] [pid 1680:tid 396] AH00456: Apache Lounge VS16 Server built: Jun 22 2022 09:58:15
[Tue Feb 13 12:21:10.264298 2024] [core:notice] [pid 1680:tid 396] AH00094: Command line: 'apache\\bin\\httpd.exe -d C:/xampp/apache -f conf\\httpd.conf'
[Tue Feb 13 12:21:10.288236 2024] [mpm_winnt:notice] [pid 1680:tid 396] AH00418: Parent: Created child process 4348
Apache server shutdown initiated...
sl:warn] [pid 4348:tid 412] AH01909: www.example.com:443:0 server certificate does NOT include an ID which matches the server name
[Tue Feb 13 12:21:10.815255 2024] [ssl:warn] [pid 4348:tid 412] AH01909: www.example.com:443:0 server certificate does NOT include an ID which matches the server name
[Tue Feb 13 12:21:10.861282 2024] [mpm_winnt:notice] [pid 4348:tid 412] AH00354: Child: Starting 150 worker threads.
[Tue Feb 13 12:21:12.081743 2024] [mpm_winnt:notice] [pid 1680:tid 396] AH00422: Parent: Received shutdown signal -- Shutting down the server.
[Tue Feb 13 12:21:14.108676 2024] [mpm_winnt:notice] [pid 4348:tid 412] AH00364: Child: All worker threads have exited.
[Tue Feb 13 12:21:14.155808 2024] [mpm_winnt:notice] [pid 1680:tid 396] AH00430: Parent: Child process 4348 exited successfully.
[Tue Feb 13 12:21:30.473165 2024] [ssl:warn] [pid 34848:tid 392] AH01909: www.example.com:443:0 server certificate does NOT include an ID which matches the server name
[Tue Feb 13 12:21:30.511087 2024] [ssl:warn] [pid 34848:tid 392] AH01909: www.example.com:443:0 server certificate does NOT include an ID which matches the server name
[Tue Feb 13 12:21:30.550707 2024] [mpm_winnt:notice] [pid 34848:tid 392] AH00455: Apache/2.4.54 (Win64) OpenSSL/1.1.1p PHP/8.1.10 configured -- resuming normal operations
[Tue Feb 13 12:21:30.550707 2024] [mpm_winnt:notice] [pid 34848:tid 392] AH00456: Apache Lounge VS16 Server built: Jun 22 2022 09:58:15
[Tue Feb 13 12:21:30.550707 2024] [core:notice] [pid 34848:tid 392] AH00094: Command line: 'c:\\xampp\\apache\\bin\\httpd.exe -d C:/xampp/apache'
[Tue Feb 13 12:21:30.564727 2024] [mpm_winnt:notice] [pid 34848:tid 392] AH00418: Parent: Created child process 17684
[Tue Feb 13 12:21:30.911553 2024] [ssl:warn] [pid 17684:tid 368] AH01909: www.example.com:443:0 server certificate does NOT include an ID which matches the server name
[Tue Feb 13 12:21:30.942787 2024] [ssl:warn] [pid 17684:tid 368] AH01909: www.example.com:443:0 server certificate does NOT include an ID which matches the server name
[Tue Feb 13 12:21:30.981674 2024] [mpm_winnt:notice] [pid 17684:tid 368] AH00354: Child: Starting 150 worker threads.
[Wed Feb 14 14:43:28.141577 2024] [ssl:warn] [pid 4840:tid 392] AH01909: www.example.com:443:0 server certificate does NOT include an ID which matches the server name
[Wed Feb 14 14:43:28.190245 2024] [core:warn] [pid 4840:tid 392] AH00098: pid file C:/xampp/apache/logs/httpd.pid overwritten -- Unclean shutdown of previous Apache run?
[Wed Feb 14 14:43:28.192774 2024] [ssl:warn] [pid 4840:tid 392] AH01909: www.example.com:443:0 server certificate does NOT include an ID which matches the server name
[Wed Feb 14 14:43:28.254981 2024] [mpm_winnt:notice] [pid 4840:tid 392] AH00455: Apache/2.4.54 (Win64) OpenSSL/1.1.1p PHP/8.1.10 configured -- resuming normal operations
[Wed Feb 14 14:43:28.254981 2024] [mpm_winnt:notice] [pid 4840:tid 392] AH00456: Apache Lounge VS16 Server built: Jun 22 2022 09:58:15
[Wed Feb 14 14:43:28.254981 2024] [core:notice] [pid 4840:tid 392] AH00094: Command line: 'c:\\xampp\\apache\\bin\\httpd.exe -d C:/xampp/apache'
[Wed Feb 14 14:43:28.273060 2024] [mpm_winnt:notice] [pid 4840:tid 392] AH00418: Parent: Created child process 48504
[Wed Feb 14 14:43:28.800408 2024] [ssl:warn] [pid 48504:tid 368] AH01909: www.example.com:443:0 server certificate does NOT include an ID which matches the server name
[Wed Feb 14 14:43:28.846524 2024] [ssl:warn] [pid 48504:tid 368] AH01909: www.example.com:443:0 server certificate does NOT include an ID which matches the server name
[Wed Feb 14 14:43:28.912633 2024] [mpm_winnt:notice] [pid 48504:tid 368] AH00354: Child: Starting 150 worker threads.
[Wed Feb 14 15:00:48.351427 2024] [ssl:warn] [pid 17952:tid 368] AH01909: www.example.com:443:0 server certificate does NOT include an ID which matches the server name
[Wed Feb 14 15:00:48.395510 2024] [core:warn] [pid 17952:tid 368] AH00098: pid file C:/xampp/apache/logs/httpd.pid overwritten -- Unclean shutdown of previous Apache run?
[Wed Feb 14 15:00:48.396510 2024] [ssl:warn] [pid 17952:tid 368] AH01909: www.example.com:443:0 server certificate does NOT include an ID which matches the server name
[Wed Feb 14 15:00:48.439135 2024] [mpm_winnt:notice] [pid 17952:tid 368] AH00455: Apache/2.4.54 (Win64) OpenSSL/1.1.1p PHP/8.1.10 configured -- resuming normal operations
[Wed Feb 14 15:00:48.439135 2024] [mpm_winnt:notice] [pid 17952:tid 368] AH00456: Apache Lounge VS16 Server built: Jun 22 2022 09:58:15
[Wed Feb 14 15:00:48.440134 2024] [core:notice] [pid 17952:tid 368] AH00094: Command line: 'c:\\xampp\\apache\\bin\\httpd.exe -d C:/xampp/apache'
[Wed Feb 14 15:00:48.457164 2024] [mpm_winnt:notice] [pid 17952:tid 368] AH00418: Parent: Created child process 55632
[Wed Feb 14 15:00:48.816197 2024] [ssl:warn] [pid 55632:tid 364] AH01909: www.example.com:443:0 server certificate does NOT include an ID which matches the server name
[Wed Feb 14 15:00:48.853758 2024] [ssl:warn] [pid 55632:tid 364] AH01909: www.example.com:443:0 server certificate does NOT include an ID which matches the server name
[Wed Feb 14 15:00:48.896811 2024] [mpm_winnt:notice] [pid 55632:tid 364] AH00354: Child: Starting 150 worker threads.
[Thu Oct 17 11:47:29.757215 2024] [ssl:warn] [pid 16868:tid 440] AH01909: www.example.com:443:0 server certificate does NOT include an ID which matches the server name
[Thu Oct 17 11:47:29.833999 2024] [core:warn] [pid 16868:tid 440] AH00098: pid file C:/xampp/apache/logs/httpd.pid overwritten -- Unclean shutdown of previous Apache run?
[Thu Oct 17 11:47:29.837955 2024] [ssl:warn] [pid 16868:tid 440] AH01909: www.example.com:443:0 server certificate does NOT include an ID which matches the server name
[Thu Oct 17 11:47:30.140434 2024] [mpm_winnt:notice] [pid 16868:tid 440] AH00455: Apache/2.4.54 (Win64) OpenSSL/1.1.1p PHP/8.1.10 configured -- resuming normal operations
[Thu Oct 17 11:47:30.140434 2024] [mpm_winnt:notice] [pid 16868:tid 440] AH00456: Apache Lounge VS16 Server built: Jun 22 2022 09:58:15
[Thu Oct 17 11:47:30.140434 2024] [core:notice] [pid 16868:tid 440] AH00094: Command line: 'c:\\xampp\\apache\\bin\\httpd.exe -d C:/xampp/apache'
[Thu Oct 17 11:47:30.149410 2024] [mpm_winnt:notice] [pid 16868:tid 440] AH00418: Parent: Created child process 16864
[Thu Oct 17 11:47:30.787853 2024] [ssl:warn] [pid 16864:tid 456] AH01909: www.example.com:443:0 server certificate does NOT include an ID which matches the server name
[Thu Oct 17 11:47:30.867637 2024] [ssl:warn] [pid 16864:tid 456] AH01909: www.example.com:443:0 server certificate does NOT include an ID which matches the server name
[Thu Oct 17 11:47:30.924486 2024] [mpm_winnt:notice] [pid 16864:tid 456] AH00354: Child: Starting 150 worker threads.
[Thu Oct 17 11:47:41.365664 2024] [mpm_winnt:crit] [pid 16864:tid 456] AH02538: Child: Parent process exited abruptly. Child process is ending
[Thu Oct 17 16:55:23.048832 2024] [ssl:warn] [pid 35940:tid 440] AH01909: www.example.com:443:0 server certificate does NOT include an ID which matches the server name
[Thu Oct 17 16:55:23.127683 2024] [core:warn] [pid 35940:tid 440] AH00098: pid file C:/xampp/apache/logs/httpd.pid overwritten -- Unclean shutdown of previous Apache run?
[Thu Oct 17 16:55:23.131673 2024] [ssl:warn] [pid 35940:tid 440] AH01909: www.example.com:443:0 server certificate does NOT include an ID which matches the server name
[Thu Oct 17 16:55:23.414319 2024] [mpm_winnt:notice] [pid 35940:tid 440] AH00455: Apache/2.4.54 (Win64) OpenSSL/1.1.1p PHP/8.1.10 configured -- resuming normal operations
[Thu Oct 17 16:55:23.414319 2024] [mpm_winnt:notice] [pid 35940:tid 440] AH00456: Apache Lounge VS16 Server built: Jun 22 2022 09:58:15
[Thu Oct 17 16:55:23.414319 2024] [core:notice] [pid 35940:tid 440] AH00094: Command line: 'c:\\xampp\\apache\\bin\\httpd.exe -d C:/xampp/apache'
[Thu Oct 17 16:55:23.423276 2024] [mpm_winnt:notice] [pid 35940:tid 440] AH00418: Parent: Created child process 35516
[Thu Oct 17 16:55:23.962203 2024] [ssl:warn] [pid 35516:tid 456] AH01909: www.example.com:443:0 server certificate does NOT include an ID which matches the server name
[Thu Oct 17 16:55:24.036990 2024] [ssl:warn] [pid 35516:tid 456] AH01909: www.example.com:443:0 server certificate does NOT include an ID which matches the server name
[Thu Oct 17 16:55:24.093838 2024] [mpm_winnt:notice] [pid 35516:tid 456] AH00354: Child: Starting 150 worker threads.
[Mon Nov 11 10:50:18.764547 2024] [ssl:warn] [pid 29160:tid 428] AH01909: www.example.com:443:0 server certificate does NOT include an ID which matches the server name
[Mon Nov 11 10:50:18.844335 2024] [core:warn] [pid 29160:tid 428] AH00098: pid file C:/xampp/apache/logs/httpd.pid overwritten -- Unclean shutdown of previous Apache run?
[Mon Nov 11 10:50:18.848325 2024] [ssl:warn] [pid 29160:tid 428] AH01909: www.example.com:443:0 server certificate does NOT include an ID which matches the server name
[Mon Nov 11 10:50:19.206366 2024] [mpm_winnt:notice] [pid 29160:tid 428] AH00455: Apache/2.4.54 (Win64) OpenSSL/1.1.1p PHP/8.1.10 configured -- resuming normal operations
[Mon Nov 11 10:50:19.206366 2024] [mpm_winnt:notice] [pid 29160:tid 428] AH00456: Apache Lounge VS16 Server built: Jun 22 2022 09:58:15
[Mon Nov 11 10:50:19.206366 2024] [core:notice] [pid 29160:tid 428] AH00094: Command line: 'c:\\xampp\\apache\\bin\\httpd.exe -d C:/xampp/apache'
[Mon Nov 11 10:50:19.215341 2024] [mpm_winnt:notice] [pid 29160:tid 428] AH00418: Parent: Created child process 2644
[Mon Nov 11 10:50:19.897194 2024] [ssl:warn] [pid 2644:tid 456] AH01909: www.example.com:443:0 server certificate does NOT include an ID which matches the server name
[Mon Nov 11 10:50:19.980812 2024] [ssl:warn] [pid 2644:tid 456] AH01909: www.example.com:443:0 server certificate does NOT include an ID which matches the server name
[Mon Nov 11 10:50:20.039204 2024] [mpm_winnt:notice] [pid 2644:tid 456] AH00354: Child: Starting 150 worker threads.
[Mon Mar 03 17:01:48.083456 2025] [ssl:warn] [pid 34388:tid 440] AH01909: www.example.com:443:0 server certificate does NOT include an ID which matches the server name
[Mon Mar 03 17:01:48.170222 2025] [core:warn] [pid 34388:tid 440] AH00098: pid file C:/xampp/apache/logs/httpd.pid overwritten -- Unclean shutdown of previous Apache run?
[Mon Mar 03 17:01:48.177216 2025] [ssl:warn] [pid 34388:tid 440] AH01909: www.example.com:443:0 server certificate does NOT include an ID which matches the server name
[Mon Mar 03 17:01:48.575490 2025] [mpm_winnt:notice] [pid 34388:tid 440] AH00455: Apache/2.4.54 (Win64) OpenSSL/1.1.1p PHP/8.1.10 configured -- resuming normal operations
[Mon Mar 03 17:01:48.575490 2025] [mpm_winnt:notice] [pid 34388:tid 440] AH00456: Apache Lounge VS16 Server built: Jun 22 2022 09:58:15
[Mon Mar 03 17:01:48.575490 2025] [core:notice] [pid 34388:tid 440] AH00094: Command line: 'c:\\xampp\\apache\\bin\\httpd.exe -d C:/xampp/apache'
[Mon Mar 03 17:01:48.578463 2025] [mpm_winnt:notice] [pid 34388:tid 440] AH00418: Parent: Created child process 43140
[Mon Mar 03 17:01:49.289439 2025] [ssl:warn] [pid 43140:tid 432] AH01909: www.example.com:443:0 server certificate does NOT include an ID which matches the server name
[Mon Mar 03 17:01:49.374214 2025] [ssl:warn] [pid 43140:tid 432] AH01909: www.example.com:443:0 server certificate does NOT include an ID which matches the server name
[Mon Mar 03 17:01:49.434051 2025] [mpm_winnt:notice] [pid 43140:tid 432] AH00354: Child: Starting 150 worker threads.
[Tue Mar 04 12:14:05.348414 2025] [ssl:warn] [pid 31628:tid 444] AH01909: www.example.com:443:0 server certificate does NOT include an ID which matches the server name
[Tue Mar 04 12:14:05.463863 2025] [core:warn] [pid 31628:tid 444] AH00098: pid file C:/xampp/apache/logs/httpd.pid overwritten -- Unclean shutdown of previous Apache run?
[Tue Mar 04 12:14:05.468849 2025] [ssl:warn] [pid 31628:tid 444] AH01909: www.example.com:443:0 server certificate does NOT include an ID which matches the server name
[Tue Mar 04 12:14:05.968413 2025] [mpm_winnt:notice] [pid 31628:tid 444] AH00455: Apache/2.4.54 (Win64) OpenSSL/1.1.1p PHP/8.1.10 configured -- resuming normal operations
[Tue Mar 04 12:14:05.968413 2025] [mpm_winnt:notice] [pid 31628:tid 444] AH00456: Apache Lounge VS16 Server built: Jun 22 2022 09:58:15
[Tue Mar 04 12:14:05.968413 2025] [core:notice] [pid 31628:tid 444] AH00094: Command line: 'c:\\xampp\\apache\\bin\\httpd.exe -d C:/xampp/apache'
[Tue Mar 04 12:14:05.974399 2025] [mpm_winnt:notice] [pid 31628:tid 444] AH00418: Parent: Created child process 32148
[Tue Mar 04 12:14:06.669866 2025] [ssl:warn] [pid 32148:tid 444] AH01909: www.example.com:443:0 server certificate does NOT include an ID which matches the server name
[Tue Mar 04 12:14:06.773117 2025] [ssl:warn] [pid 32148:tid 444] AH01909: www.example.com:443:0 server certificate does NOT include an ID which matches the server name
[Tue Mar 04 12:14:06.843042 2025] [mpm_winnt:notice] [pid 32148:tid 444] AH00354: Child: Starting 150 worker threads.
[Tue Mar 04 13:32:32.161794 2025] [php:warn] [pid 32148:tid 1860] [client ::1:55969] PHP Warning:  Undefined variable $pdo in C:\\xampp\\htdocs\\webspace\\index.php on line 9
[Tue Mar 04 13:32:32.162791 2025] [php:error] [pid 32148:tid 1860] [client ::1:55969] PHP Fatal error:  Uncaught Error: Call to a member function query() on null in C:\\xampp\\htdocs\\webspace\\index.php:9\nStack trace:\n#0 {main}\n  thrown in C:\\xampp\\htdocs\\webspace\\index.php on line 9
[Tue Mar 04 13:48:20.350659 2025] [php:warn] [pid 32148:tid 1860] [client ::1:56946] PHP Warning:  Undefined variable $conn in C:\\xampp\\htdocs\\webspace\\register.php on line 22, referer: http://localhost/webspace/register.php
[Tue Mar 04 13:48:20.350659 2025] [php:error] [pid 32148:tid 1860] [client ::1:56946] PHP Fatal error:  Uncaught Error: Call to a member function prepare() on null in C:\\xampp\\htdocs\\webspace\\register.php:22\nStack trace:\n#0 {main}\n  thrown in C:\\xampp\\htdocs\\webspace\\register.php on line 22, referer: http://localhost/webspace/register.php
[Tue Mar 04 13:54:45.673127 2025] [php:error] [pid 32148:tid 1856] [client ::1:57324] script 'C:/xampp/htdocs/webspace/logout.php' not found or unable to stat, referer: http://localhost/webspace/index.php
[Tue Mar 04 13:54:50.029423 2025] [php:error] [pid 32148:tid 1856] [client ::1:57324] script 'C:/xampp/htdocs/webspace/profile.php' not found or unable to stat, referer: http://localhost/webspace/index.php
[Tue Mar 04 22:13:39.052768 2025] [php:warn] [pid 32148:tid 1856] [client ::1:13084] PHP Warning:  Undefined variable $conn in C:\\xampp\\htdocs\\webspace\\listings.php on line 11, referer: http://localhost/webspace/index.php
[Tue Mar 04 22:13:39.053765 2025] [php:error] [pid 32148:tid 1856] [client ::1:13084] PHP Fatal error:  Uncaught Error: Call to a member function query() on null in C:\\xampp\\htdocs\\webspace\\listings.php:11\nStack trace:\n#0 {main}\n  thrown in C:\\xampp\\htdocs\\webspace\\listings.php on line 11, referer: http://localhost/webspace/index.php
[Thu Mar 06 09:54:19.024683 2025] [ssl:warn] [pid 13616:tid 448] AH01909: www.example.com:443:0 server certificate does NOT include an ID which matches the server name
[Thu Mar 06 09:54:19.105453 2025] [core:warn] [pid 13616:tid 448] AH00098: pid file C:/xampp/apache/logs/httpd.pid overwritten -- Unclean shutdown of previous Apache run?
[Thu Mar 06 09:54:19.108423 2025] [ssl:warn] [pid 13616:tid 448] AH01909: www.example.com:443:0 server certificate does NOT include an ID which matches the server name
[Thu Mar 06 09:54:19.479564 2025] [mpm_winnt:notice] [pid 13616:tid 448] AH00455: Apache/2.4.54 (Win64) OpenSSL/1.1.1p PHP/8.1.10 configured -- resuming normal operations
[Thu Mar 06 09:54:19.479564 2025] [mpm_winnt:notice] [pid 13616:tid 448] AH00456: Apache Lounge VS16 Server built: Jun 22 2022 09:58:15
[Thu Mar 06 09:54:19.479564 2025] [core:notice] [pid 13616:tid 448] AH00094: Command line: 'c:\\xampp\\apache\\bin\\httpd.exe -d C:/xampp/apache'
[Thu Mar 06 09:54:19.483551 2025] [mpm_winnt:notice] [pid 13616:tid 448] AH00418: Parent: Created child process 26848
[Thu Mar 06 09:54:20.080982 2025] [ssl:warn] [pid 26848:tid 440] AH01909: www.example.com:443:0 server certificate does NOT include an ID which matches the server name
[Thu Mar 06 09:54:20.176726 2025] [ssl:warn] [pid 26848:tid 440] AH01909: www.example.com:443:0 server certificate does NOT include an ID which matches the server name
[Thu Mar 06 09:54:20.236566 2025] [mpm_winnt:notice] [pid 26848:tid 440] AH00354: Child: Starting 150 worker threads.
[Thu Mar 06 10:17:28.435685 2025] [php:error] [pid 26848:tid 1840] [client ::1:52343] script 'C:/xampp/htdocs/webspace/process_listing.php' not found or unable to stat, referer: http://localhost/webspace/listings.php
[Thu Mar 06 10:18:05.206165 2025] [php:error] [pid 26848:tid 1840] [client ::1:52354] script 'C:/xampp/htdocs/webspace/process_listing.php' not found or unable to stat, referer: http://localhost/webspace/listings.php
[Thu Mar 06 10:18:43.559162 2025] [php:error] [pid 26848:tid 1872] [client ::1:52404] script 'C:/xampp/htdocs/webspace/process_listing.php' not found or unable to stat, referer: http://localhost/webspace/listings.php
[Thu Mar 06 10:20:44.240405 2025] [php:warn] [pid 26848:tid 1872] [client ::1:52436] PHP Warning:  Undefined variable $street in C:\\xampp\\htdocs\\webspace\\process_listings.php on line 21, referer: http://localhost/webspace/listings.php
[Thu Mar 06 10:21:09.671620 2025] [php:warn] [pid 26848:tid 1860] [client ::1:52458] PHP Warning:  move_uploaded_file(uploads/67c96905a384f_freepik__pixel-art-8bits-logo-featuring-the-minimalist-lett__26703.jpeg): Failed to open stream: No such file or directory in C:\\xampp\\htdocs\\webspace\\process_listings.php on line 29, referer: http://localhost/webspace/listings.php
[Thu Mar 06 10:21:09.671620 2025] [php:warn] [pid 26848:tid 1860] [client ::1:52458] PHP Warning:  move_uploaded_file(): Unable to move &quot;C:\\xampp\\tmp\\phpFEA.tmp&quot; to &quot;uploads/67c96905a384f_freepik__pixel-art-8bits-logo-featuring-the-minimalist-lett__26703.jpeg&quot; in C:\\xampp\\htdocs\\webspace\\process_listings.php on line 29, referer: http://localhost/webspace/listings.php
[Thu Mar 06 10:23:06.510015 2025] [php:warn] [pid 26848:tid 1852] [client ::1:52532] PHP Warning:  move_uploaded_file(uploads/67c9697a7c1bc_XD.jfif): Failed to open stream: No such file or directory in C:\\xampp\\htdocs\\webspace\\process_listings.php on line 29, referer: http://localhost/webspace/listings.php
[Thu Mar 06 10:23:06.510015 2025] [php:warn] [pid 26848:tid 1852] [client ::1:52532] PHP Warning:  move_uploaded_file(): Unable to move &quot;C:\\xampp\\tmp\\phpD848.tmp&quot; to &quot;uploads/67c9697a7c1bc_XD.jfif&quot; in C:\\xampp\\htdocs\\webspace\\process_listings.php on line 29, referer: http://localhost/webspace/listings.php
[Thu Mar 06 10:26:14.366628 2025] [php:error] [pid 26848:tid 1860] [client ::1:52697] script 'C:/xampp/htdocs/webspace/listing.php' not found or unable to stat, referer: http://localhost/webspace/index.php
[Thu Mar 06 12:09:14.731966 2025] [php:error] [pid 26848:tid 1872] [client ::1:54603] script 'C:/xampp/htdocs/webspace/listing.php' not found or unable to stat, referer: http://localhost/webspace/index.php
[Thu Mar 06 12:10:26.491292 2025] [php:error] [pid 26848:tid 1840] [client ::1:54647] script 'C:/xampp/htdocs/webspace/profile.php' not found or unable to stat, referer: http://localhost/webspace/listings.php
[Thu Mar 06 12:38:00.114408 2025] [php:error] [pid 26848:tid 1840] [client ::1:55691] script 'C:/xampp/htdocs/webspace/offer.php' not found or unable to stat, referer: http://localhost/webspace/index.php
[Thu Mar 06 12:38:02.696573 2025] [php:error] [pid 26848:tid 1840] [client ::1:55691] script 'C:/xampp/htdocs/webspace/offer.php' not found or unable to stat, referer: http://localhost/webspace/index.php
[Thu Mar 06 12:38:07.049588 2025] [php:error] [pid 26848:tid 1840] [client ::1:55691] script 'C:/xampp/htdocs/webspace/offer.php' not found or unable to stat, referer: http://localhost/webspace/index.php
[Thu Mar 06 13:24:21.227484 2025] [php:error] [pid 26848:tid 1868] [client ::1:56816] script 'C:/xampp/htdocs/webspace/logout.php' not found or unable to stat, referer: http://localhost/webspace/index.php
[Thu Mar 06 13:54:09.246946 2025] [php:error] [pid 26848:tid 1860] [client ::1:57593] script 'C:/xampp/htdocs/webspace/offer.php' not found or unable to stat, referer: http://localhost/webspace/profile.php?tab=anzeigen
[Thu Mar 06 14:02:38.464584 2025] [php:error] [pid 26848:tid 1860] [client ::1:57860] script 'C:/xampp/htdocs/webspace/offer.php' not found or unable to stat, referer: http://localhost/webspace/profile.php?tab=anzeigen
[Thu Mar 06 14:02:47.755547 2025] [php:error] [pid 26848:tid 1864] [client ::1:57862] script 'C:/xampp/htdocs/webspace/update_profile.php' not found or unable to stat, referer: http://localhost/webspace/profile.php?tab=profil
[Thu Mar 06 14:02:50.071999 2025] [php:error] [pid 26848:tid 1864] [client ::1:57862] script 'C:/xampp/htdocs/webspace/update_profile.php' not found or unable to stat, referer: http://localhost/webspace/profile.php?tab=profil
[Thu Mar 06 14:02:53.072296 2025] [php:error] [pid 26848:tid 1864] [client ::1:57862] script 'C:/xampp/htdocs/webspace/update_profile.php' not found or unable to stat, referer: http://localhost/webspace/profile.php?tab=profil
[Thu Mar 06 14:12:33.196506 2025] [php:error] [pid 26848:tid 1864] [client ::1:58025] script 'C:/xampp/htdocs/webspace/update_profile.php' not found or unable to stat, referer: http://localhost/webspace/profile.php?tab=profil
[Fri Mar 07 11:00:41.483762 2025] [ssl:warn] [pid 28032:tid 284] AH01909: www.example.com:443:0 server certificate does NOT include an ID which matches the server name
[Fri Mar 07 11:00:41.588765 2025] [core:warn] [pid 28032:tid 284] AH00098: pid file C:/xampp/apache/logs/httpd.pid overwritten -- Unclean shutdown of previous Apache run?
[Fri Mar 07 11:00:41.593752 2025] [ssl:warn] [pid 28032:tid 284] AH01909: www.example.com:443:0 server certificate does NOT include an ID which matches the server name
[Fri Mar 07 11:00:42.027297 2025] [mpm_winnt:notice] [pid 28032:tid 284] AH00455: Apache/2.4.54 (Win64) OpenSSL/1.1.1p PHP/8.1.10 configured -- resuming normal operations
[Fri Mar 07 11:00:42.027297 2025] [mpm_winnt:notice] [pid 28032:tid 284] AH00456: Apache Lounge VS16 Server built: Jun 22 2022 09:58:15
[Fri Mar 07 11:00:42.027297 2025] [core:notice] [pid 28032:tid 284] AH00094: Command line: 'c:\\xampp\\apache\\bin\\httpd.exe -d C:/xampp/apache'
[Fri Mar 07 11:00:42.031289 2025] [mpm_winnt:notice] [pid 28032:tid 284] AH00418: Parent: Created child process 29500
[Fri Mar 07 11:00:42.817716 2025] [ssl:warn] [pid 29500:tid 456] AH01909: www.example.com:443:0 server certificate does NOT include an ID which matches the server name
[Fri Mar 07 11:00:42.922155 2025] [ssl:warn] [pid 29500:tid 456] AH01909: www.example.com:443:0 server certificate does NOT include an ID which matches the server name
[Fri Mar 07 11:00:42.995530 2025] [mpm_winnt:notice] [pid 29500:tid 456] AH00354: Child: Starting 150 worker threads.
[Sat Mar 08 11:01:15.715877 2025] [ssl:warn] [pid 30416:tid 444] AH01909: www.example.com:443:0 server certificate does NOT include an ID which matches the server name
[Sat Mar 08 11:01:15.889413 2025] [core:warn] [pid 30416:tid 444] AH00098: pid file C:/xampp/apache/logs/httpd.pid overwritten -- Unclean shutdown of previous Apache run?
[Sat Mar 08 11:01:15.897391 2025] [ssl:warn] [pid 30416:tid 444] AH01909: www.example.com:443:0 server certificate does NOT include an ID which matches the server name
[Sat Mar 08 11:01:16.395096 2025] [mpm_winnt:notice] [pid 30416:tid 444] AH00455: Apache/2.4.54 (Win64) OpenSSL/1.1.1p PHP/8.1.10 configured -- resuming normal operations
[Sat Mar 08 11:01:16.395096 2025] [mpm_winnt:notice] [pid 30416:tid 444] AH00456: Apache Lounge VS16 Server built: Jun 22 2022 09:58:15
[Sat Mar 08 11:01:16.395096 2025] [core:notice] [pid 30416:tid 444] AH00094: Command line: 'c:\\xampp\\apache\\bin\\httpd.exe -d C:/xampp/apache'
[Sat Mar 08 11:01:16.399086 2025] [mpm_winnt:notice] [pid 30416:tid 444] AH00418: Parent: Created child process 30500
[Sat Mar 08 11:01:17.053522 2025] [ssl:warn] [pid 30500:tid 436] AH01909: www.example.com:443:0 server certificate does NOT include an ID which matches the server name
[Sat Mar 08 11:01:17.164667 2025] [ssl:warn] [pid 30500:tid 436] AH01909: www.example.com:443:0 server certificate does NOT include an ID which matches the server name
[Sat Mar 08 11:01:17.233511 2025] [mpm_winnt:notice] [pid 30500:tid 436] AH00354: Child: Starting 150 worker threads.
[Sun Mar 09 21:48:44.533230 2025] [ssl:warn] [pid 25040:tid 168] AH01909: www.example.com:443:0 server certificate does NOT include an ID which matches the server name
[Sun Mar 09 21:48:44.614011 2025] [core:warn] [pid 25040:tid 168] AH00098: pid file C:/xampp/apache/logs/httpd.pid overwritten -- Unclean shutdown of previous Apache run?
[Sun Mar 09 21:48:44.617978 2025] [ssl:warn] [pid 25040:tid 168] AH01909: www.example.com:443:0 server certificate does NOT include an ID which matches the server name
[Sun Mar 09 21:48:45.030895 2025] [mpm_winnt:notice] [pid 25040:tid 168] AH00455: Apache/2.4.54 (Win64) OpenSSL/1.1.1p PHP/8.1.10 configured -- resuming normal operations
[Sun Mar 09 21:48:45.030895 2025] [mpm_winnt:notice] [pid 25040:tid 168] AH00456: Apache Lounge VS16 Server built: Jun 22 2022 09:58:15
[Sun Mar 09 21:48:45.030895 2025] [core:notice] [pid 25040:tid 168] AH00094: Command line: 'c:\\xampp\\apache\\bin\\httpd.exe -d C:/xampp/apache'
[Sun Mar 09 21:48:45.035882 2025] [mpm_winnt:notice] [pid 25040:tid 168] AH00418: Parent: Created child process 3520
[Sun Mar 09 21:48:45.705735 2025] [ssl:warn] [pid 3520:tid 432] AH01909: www.example.com:443:0 server certificate does NOT include an ID which matches the server name
[Sun Mar 09 21:48:45.783527 2025] [ssl:warn] [pid 3520:tid 432] AH01909: www.example.com:443:0 server certificate does NOT include an ID which matches the server name
[Sun Mar 09 21:48:45.842369 2025] [mpm_winnt:notice] [pid 3520:tid 432] AH00354: Child: Starting 150 worker threads.
[Mon Mar 10 20:00:40.118262 2025] [ssl:warn] [pid 46756:tid 336] AH01909: www.example.com:443:0 server certificate does NOT include an ID which matches the server name
[Mon Mar 10 20:00:40.230961 2025] [core:warn] [pid 46756:tid 336] AH00098: pid file C:/xampp/apache/logs/httpd.pid overwritten -- Unclean shutdown of previous Apache run?
[Mon Mar 10 20:00:40.237942 2025] [ssl:warn] [pid 46756:tid 336] AH01909: www.example.com:443:0 server certificate does NOT include an ID which matches the server name
[Mon Mar 10 20:00:40.775504 2025] [mpm_winnt:notice] [pid 46756:tid 336] AH00455: Apache/2.4.54 (Win64) OpenSSL/1.1.1p PHP/8.1.10 configured -- resuming normal operations
[Mon Mar 10 20:00:40.775504 2025] [mpm_winnt:notice] [pid 46756:tid 336] AH00456: Apache Lounge VS16 Server built: Jun 22 2022 09:58:15
[Mon Mar 10 20:00:40.775504 2025] [core:notice] [pid 46756:tid 336] AH00094: Command line: 'c:\\xampp\\apache\\bin\\httpd.exe -d C:/xampp/apache'
[Mon Mar 10 20:00:40.780491 2025] [mpm_winnt:notice] [pid 46756:tid 336] AH00418: Parent: Created child process 44932
[Mon Mar 10 20:00:41.652661 2025] [ssl:warn] [pid 44932:tid 448] AH01909: www.example.com:443:0 server certificate does NOT include an ID which matches the server name
[Mon Mar 10 20:00:41.884042 2025] [ssl:warn] [pid 44932:tid 448] AH01909: www.example.com:443:0 server certificate does NOT include an ID which matches the server name
[Mon Mar 10 20:00:41.947872 2025] [mpm_winnt:notice] [pid 44932:tid 448] AH00354: Child: Starting 150 worker threads.
[Tue Mar 11 00:10:36.583125 2025] [mpm_winnt:crit] [pid 44932:tid 448] AH02538: Child: Parent process exited abruptly. Child process is ending
